<?xml version="1.0" encoding="UTF-8"?>
<beans xmlns:xsi="http://www.w3.org/2001/XMLSchema-instance"
       xmlns:context="http://www.springframework.org/schema/context"
       xmlns:mvc="http://www.springframework.org/schema/mvc"
       xmlns="http://www.springframework.org/schema/beans"
       xsi:schemaLocation="http://www.springframework.org/schema/beans http://www.springframework.org/schema/beans/spring-beans-4.0.xsd
       http://www.springframework.org/schema/context http://www.springframework.org/schema/context/spring-context-4.0.xsd
       http://www.springframework.org/schema/mvc http://www.springframework.org/schema/mvc/spring-mvc-4.0.xsd">

    <context:annotation-config/>

    <mvc:annotation-driven/>

    <import resource="controller-context.xml"/>

    <bean id="abstractController" class="pl.jakubpiecuch.trainingmanager.web.controllers.api.AbstractController"
          abstract="true">
        <property name="versionServices">
            <map>
                <entry key="v1" value-ref="version1Service"/>
            </map>
        </property>
    </bean>

    <bean id="version1Service" class="org.mockito.Mockito" factory-method="mock">
        <constructor-arg value="pl.jakubpiecuch.trainingmanager.service.api.ApiVersionService"/>
    </bean>

    <bean id="exceptionHandler" class="pl.jakubpiecuch.trainingmanager.web.handlers.exception.RestExceptionHandler"/>

</beans>