<?xml version="1.0" encoding="UTF-8"?>
<beans xmlns="http://www.springframework.org/schema/beans"
       xmlns:xsi="http://www.w3.org/2001/XMLSchema-instance"
       xmlns:tx="http://www.springframework.org/schema/tx"
       xmlns:jdbc="http://www.springframework.org/schema/jdbc"
       xsi:schemaLocation="http://www.springframework.org/schema/beans http://www.springframework.org/schema/beans/spring-beans-4.0.xsd
       http://www.springframework.org/schema/tx http://www.springframework.org/schema/tx/spring-tx-4.0.xsd
       http://www.springframework.org/schema/jdbc http://www.springframework.org/schema/jdbc/spring-jdbc-4.0.xsd">


    <jdbc:embedded-database id="dataSource" type="HSQL">
        <jdbc:script location="classpath:sql/schema.sql"/>
        <jdbc:script location="classpath:sql/hsql/sequences.sql"/>
        <jdbc:script location="dictionary.sql"/>
    </jdbc:embedded-database>


    
    <bean id="sessionFactory" class="org.springframework.orm.hibernate4.LocalSessionFactoryBean">
        <property name="dataSource" ref="dataSource"/>
        <property name="packagesToScan" value="pl.jakubpiecuch.trainingmanager.domain"/>
        <property name="hibernateProperties">
            <props>
                <prop key="hibernate.show_sql">true</prop>
                <prop key="hibernate.format_sql">true</prop>
                <prop key="hibernate.dialect">org.hibernate.dialect.HSQLDialect</prop>
            </props>
        </property>
    </bean>

    <bean id="eventListenerIntegrator" class="pl.jakubpiecuch.trainingmanager.org.hibernate.EventListenerIntegrator"/>

    <bean id="transactionManager" class="org.springframework.orm.hibernate4.HibernateTransactionManager">
        <property name="sessionFactory" ref="sessionFactory" />
    </bean>
    <tx:annotation-driven transaction-manager="transactionManager"/>
    
    <bean id="coreDao" class="pl.jakubpiecuch.trainingmanager.dao.core.impl.CoreDaoImpl" />
    
    <bean id="equipmentDao" class="pl.jakubpiecuch.trainingmanager.dao.impl.EquipmentDaoImpl" parent="coreDao"/>
    
    <bean id="exerciseDao" class="pl.jakubpiecuch.trainingmanager.dao.impl.ExerciseDaoImpl" parent="coreDao"/>
    
    <bean id="usersDao" class="pl.jakubpiecuch.trainingmanager.dao.impl.AccountDaoImpl" parent="coreDao"/>

    <bean id="planDao" class="pl.jakubpiecuch.trainingmanager.dao.impl.PlanDaoImpl" parent="coreDao"/>

    <!--<bean id="exerciseCommentDao" class="pl.jakubpiecuch.trainingmanager.dao.impl.ExerciseCommentDaoImpl" parent="coreDao"/>-->
    
</beans>
